<?xml version="1.0" encoding="utf-8"?><testsuites name="pytest tests"><testsuite name="pytest" errors="0" failures="0" skipped="0" tests="7" time="3.882" timestamp="2026-06-12T14:30:30.500620+00:00" hostname="agent-env-4d13afb6-4da5-4c89-bd0d-c5221df08759"><testcase classname="backend.tests.test_batch4_dedupe_boost_consumable.TestInventoryDedupe" name="test_inventory_get_returns_no_duplicates" time="0.626" /><testcase classname="backend.tests.test_batch4_dedupe_boost_consumable.TestInventoryDedupe" name="test_dedupe_endpoint_exists_and_returns_removed" time="0.052" /><testcase classname="backend.tests.test_batch4_dedupe_boost_consumable.TestChestAllOwnedRefund" name="test_admin_chest_returns_refund_or_items_no_balance_loss_on_all_owned" time="0.142" /><testcase classname="backend.tests.test_batch4_dedupe_boost_consumable.TestBoostRebuyBlocked" name="test_second_boost_purchase_returns_400_and_refunds" time="0.781" /><testcase classname="backend.tests.test_batch4_dedupe_boost_consumable.TestConsumableStacking" name="test_buying_consumable_twice_stacks_quantity" time="0.920" /><testcase classname="backend.tests.test_batch4_dedupe_boost_consumable.TestCosmeticKingdomDuplicateBlocked" name="test_cosmetic_duplicate_returns_400" time="0.667" /><testcase classname="backend.tests.test_batch4_dedupe_boost_consumable.TestCosmeticKingdomDuplicateBlocked" name="test_kingdom_duplicate_returns_400" time="0.628" /></testsuite></testsuites>