<?xml version="1.0" encoding="utf-8"?><testsuites name="pytest tests"><testsuite name="pytest" errors="0" failures="1" skipped="0" tests="15" time="6.448" timestamp="2026-06-12T14:51:41.639519+00:00" hostname="agent-env-4d13afb6-4da5-4c89-bd0d-c5221df08759"><testcase classname="backend.tests.test_batch5_ban_mod_shop_level.TestBanEnforcementLogin" name="test_banned_user_cannot_login" time="1.326" /><testcase classname="backend.tests.test_batch5_ban_mod_shop_level.TestBanEnforcementLogin" name="test_unbanned_user_can_login_again" time="0.734" /><testcase classname="backend.tests.test_batch5_ban_mod_shop_level.TestShopLevelGate" name="test_catalog_has_unlock_level_field" time="0.100" /><testcase classname="backend.tests.test_batch5_ban_mod_shop_level.TestShopLevelGate" name="test_new_kingdom_skus_present" time="0.133" /><testcase classname="backend.tests.test_batch5_ban_mod_shop_level.TestShopLevelGate" name="test_low_level_user_blocked_by_level_gate" time="0.446" /><testcase classname="backend.tests.test_batch5_ban_mod_shop_level.TestShopLevelGate" name="test_admin_can_purchase_high_level_item" time="0.050" /><testcase classname="backend.tests.test_batch5_ban_mod_shop_level.TestNotificationsClear" name="test_clear_all_notifications" time="0.092" /><testcase classname="backend.tests.test_batch5_ban_mod_shop_level.TestNotificationsClear" name="test_clear_requires_auth" time="0.091" /><testcase classname="backend.tests.test_batch5_ban_mod_shop_level.TestModeratorPermissions" name="test_mod_can_access_staff_endpoints" time="0.892" /><testcase classname="backend.tests.test_batch5_ban_mod_shop_level.TestModeratorPermissions" name="test_mod_cannot_access_admin_only_endpoints" time="0.140" /><testcase classname="backend.tests.test_batch5_ban_mod_shop_level.TestModeratorPermissions" name="test_mod_can_ban_regular_user" time="0.450" /><testcase classname="backend.tests.test_batch5_ban_mod_shop_level.TestModeratorPermissions" name="test_mod_cannot_ban_other_mod_or_admin" time="0.458" /><testcase classname="backend.tests.test_batch5_ban_mod_shop_level.TestDeletePost" name="test_admin_can_delete_other_user_post" time="0.501" /><testcase classname="backend.tests.test_batch5_ban_mod_shop_level.TestDeletePost" name="test_random_user_cannot_delete_other_post" time="0.826" /><testcase classname="backend.tests.test_batch5_ban_mod_shop_level.TestProfileRoleData" name="test_profile_returns_role_field" time="0.096"><failure message="AssertionError: Profile role missing/wrong at /profile/SmouzYi: None&#10;assert None == 'admin'&#10; +  where None = &lt;built-in method get of dict object at 0xff0f60935480&gt;('role')&#10; +    where &lt;built-in method get of dict object at 0xff0f60935480&gt; = {'badges': [{'badge_id': 'architect_master', 'obtained_at': '2026-06-10T12:07:02.994523+00:00', 'user_id': 'user_019f52726464'}, {'badge_id': 'big_spender', 'obtained_at': '2026-06-10T16:39:03.418947+00:00', 'user_id': 'user_019f52726464'}, {'badge_id': 'boss_slayer', 'obtained_at': '2026-06-10T12:07:02.997712+00:00', 'user_id': 'user_019f52726464'}, {'badge_id': 'chatter_100', 'obtained_at': '2026-06-10T12:07:02.992133+00:00', 'user_id': 'user_019f52726464'}, {'badge_id': 'chatter_1000', 'obtained_at': '2026-06-10T12:07:02.992377+00:00', 'user_id': 'user_019f52726464'}, {'badge_id': 'chatter_10000', 'obtained_at': '2026-06-10T12:07:02.992597+00:00', 'user_id': 'user_019f52726464'}, ...], 'profile': {'active_title': 'elu_cosmique', 'aether': 999999134680, 'auth_provider': 'local', 'avatar_url': '', ...}, 'xp_next': None}.get">backend/tests/test_batch5_ban_mod_shop_level.py:282: in test_profile_returns_role_field
    assert data.get("role") == "admin", f"Profile role missing/wrong at {path}: {data.get('role')}"
E   AssertionError: Profile role missing/wrong at /profile/SmouzYi: None
E   assert None == 'admin'
E    +  where None = &lt;built-in method get of dict object at 0xff0f60935480&gt;('role')
E    +    where &lt;built-in method get of dict object at 0xff0f60935480&gt; = {'badges': [{'badge_id': 'architect_master', 'obtained_at': '2026-06-10T12:07:02.994523+00:00', 'user_id': 'user_019f52726464'}, {'badge_id': 'big_spender', 'obtained_at': '2026-06-10T16:39:03.418947+00:00', 'user_id': 'user_019f52726464'}, {'badge_id': 'boss_slayer', 'obtained_at': '2026-06-10T12:07:02.997712+00:00', 'user_id': 'user_019f52726464'}, {'badge_id': 'chatter_100', 'obtained_at': '2026-06-10T12:07:02.992133+00:00', 'user_id': 'user_019f52726464'}, {'badge_id': 'chatter_1000', 'obtained_at': '2026-06-10T12:07:02.992377+00:00', 'user_id': 'user_019f52726464'}, {'badge_id': 'chatter_10000', 'obtained_at': '2026-06-10T12:07:02.992597+00:00', 'user_id': 'user_019f52726464'}, ...], 'profile': {'active_title': 'elu_cosmique', 'aether': 999999134680, 'auth_provider': 'local', 'avatar_url': '', ...}, 'xp_next': None}.get</failure></testcase></testsuite></testsuites>