<?xml version="1.0" encoding="utf-8"?><testsuites name="pytest tests"><testsuite name="pytest" errors="0" failures="0" skipped="0" tests="12" time="3.912" timestamp="2026-06-12T14:13:09.700463+00:00" hostname="agent-env-4d13afb6-4da5-4c89-bd0d-c5221df08759"><testcase classname="backend.tests.test_batch3_features.TestWorldMap" name="test_get_world_heroes_shape" time="0.511" /><testcase classname="backend.tests.test_batch3_features.TestWorldMap" name="test_world_anonymous_access" time="0.103" /><testcase classname="backend.tests.test_batch3_features.TestAdminShopCRUD" name="test_admin_shop_list_includes_static_and_source" time="0.452" /><testcase classname="backend.tests.test_batch3_features.TestAdminShopCRUD" name="test_user_cannot_admin_shop" time="0.047" /><testcase classname="backend.tests.test_batch3_features.TestAdminShopCRUD" name="test_admin_shop_create_update_delete" time="1.050" /><testcase classname="backend.tests.test_batch3_features.TestShopPurchase" name="test_first_purchase_grants_merchant_badge_and_locks_cosmetic" time="0.337" /><testcase classname="backend.tests.test_batch3_features.TestPolyglotBadge" name="test_changing_language_twice_grants_polyglot" time="0.157" /><testcase classname="backend.tests.test_batch3_features.TestBadgeNotification" name="test_first_step_creates_notification" time="0.470" /><testcase classname="backend.tests.test_batch3_features.TestChestDuplicateAndRefund" name="test_chest_returns_no_duplicates_or_refunds" time="0.548" /><testcase classname="backend.tests.test_batch3_features.TestChestDuplicateAndRefund" name="test_chest_rarity_weights_tuned" time="0.001" /><testcase classname="backend.tests.test_batch3_features.TestProfileCustomization" name="test_update_avatar_url" time="0.098" /><testcase classname="backend.tests.test_batch3_features.TestProfileCustomization" name="test_active_banner_requires_ownership" time="0.048" /></testsuite></testsuites>