<?xml version="1.0" encoding="utf-8"?><testsuites name="pytest tests"><testsuite name="pytest" errors="0" failures="0" skipped="0" tests="9" time="1.474" timestamp="2026-06-14T08:46:43.009957+00:00" hostname="agent-env-4d13afb6-4da5-4c89-bd0d-c5221df08759"><testcase classname="backend.tests.test_iter12_dashboard_badges.TestStatsPublic" name="test_stats_public_shape" time="0.130" /><testcase classname="backend.tests.test_iter12_dashboard_badges.TestEnrichedBadges" name="test_badges_mine" time="0.367" /><testcase classname="backend.tests.test_iter12_dashboard_badges.TestEnrichedBadges" name="test_badges_by_username" time="0.086" /><testcase classname="backend.tests.test_iter12_dashboard_badges.TestEnrichedBadges" name="test_profile_by_username_includes_enriched_badges" time="0.090" /><testcase classname="backend.tests.test_iter12_dashboard_badges.TestEnrichedBadges" name="test_user_card_includes_enriched_badges" time="0.092" /><testcase classname="backend.tests.test_iter12_dashboard_badges.TestRegression" name="test_nexus_rooms_public_22" time="0.096" /><testcase classname="backend.tests.test_iter12_dashboard_badges.TestRegression" name="test_leaderboard_xp" time="0.100" /><testcase classname="backend.tests.test_iter12_dashboard_badges.TestRegression" name="test_boss_endpoint" time="0.091" /><testcase classname="backend.tests.test_iter12_dashboard_badges.TestRegression" name="test_login_sets_session_cookie" time="0.335" /></testsuite></testsuites>