<?xml version="1.0" encoding="utf-8"?><testsuites name="pytest tests"><testsuite name="pytest" errors="0" failures="0" skipped="1" tests="19" time="37.214" timestamp="2026-06-13T13:29:54.453900+00:00" hostname="agent-env-4d13afb6-4da5-4c89-bd0d-c5221df08759"><testcase classname="backend.tests.test_nexus_v21.TestMultiChannelChat" name="test_global_channel_broadcasts_to_all" time="2.153" /><testcase classname="backend.tests.test_nexus_v21.TestMultiChannelChat" name="test_trade_channel_broadcasts_to_all" time="2.100" /><testcase classname="backend.tests.test_nexus_v21.TestMultiChannelChat" name="test_event_channel_rejects_non_staff" time="1.306" /><testcase classname="backend.tests.test_nexus_v21.TestMultiChannelChat" name="test_event_channel_works_for_admin" time="2.053" /><testcase classname="backend.tests.test_nexus_v21.TestMultiChannelChat" name="test_whisper_sends_only_to_target_and_sender" time="2.596" /><testcase classname="backend.tests.test_nexus_v21.TestMultiChannelChat" name="test_guild_chat_rejects_when_no_guild" time="1.297" /><testcase classname="backend.tests.test_nexus_v21.TestMultiChannelChat" name="test_room_channel_default" time="1.939" /><testcase classname="backend.tests.test_nexus_v21.TestHandshakeAndMultiTab" name="test_player_lite_has_guild_id_field" time="0.523" /><testcase classname="backend.tests.test_nexus_v21.TestHandshakeAndMultiTab" name="test_multi_tab_same_user" time="0.696" /><testcase classname="backend.tests.test_nexus_v21.TestGMTeleportSwap" name="test_gm_tp_to_player_same_room" time="2.762" /><testcase classname="backend.tests.test_nexus_v21.TestGMTeleportSwap" name="test_gm_tp_to_player_cross_room" time="3.479" /><testcase classname="backend.tests.test_nexus_v21.TestGMTeleportSwap" name="test_gm_tp_player_to_me" time="2.614" /><testcase classname="backend.tests.test_nexus_v21.TestGMTeleportSwap" name="test_user_cannot_use_tp_swap" time="1.986" /><testcase classname="backend.tests.test_nexus_v21.TestGMInspect" name="test_inspect_returns_full_payload" time="2.319" /><testcase classname="backend.tests.test_nexus_v21.TestGMInspect" name="test_user_cannot_inspect" time="2.936" /><testcase classname="backend.tests.test_nexus_v21.TestGMPopupNotify" name="test_popup_broadcasts_to_all" time="2.877" /><testcase classname="backend.tests.test_nexus_v21.TestGMPopupNotify" name="test_user_cannot_popup" time="1.297" /><testcase classname="backend.tests.test_nexus_v21.TestGMPopupNotify" name="test_popup_empty_body_rejected" time="1.137" /><testcase classname="backend.tests.test_nexus_v21.TestPushNotification" name="test_follow_triggers_notification_event" time="0.918"><skipped type="pytest.skip" message="follow endpoint returned 404 {&quot;detail&quot;:&quot;Not Found&quot;}; can't validate push">/app/backend/tests/test_nexus_v21.py:451: follow endpoint returned 404 {"detail":"Not Found"}; can't validate push</skipped></testcase></testsuite></testsuites>