<?xml version="1.0" encoding="utf-8"?><testsuites name="pytest tests"><testsuite name="pytest" errors="0" failures="0" skipped="0" tests="38" time="83.388" timestamp="2026-06-13T13:33:07.344995+00:00" hostname="agent-env-4d13afb6-4da5-4c89-bd0d-c5221df08759"><testcase classname="backend.tests.test_nexus_v21.TestMultiChannelChat" name="test_global_channel_broadcasts_to_all" time="2.035" /><testcase classname="backend.tests.test_nexus_v21.TestMultiChannelChat" name="test_trade_channel_broadcasts_to_all" time="2.001" /><testcase classname="backend.tests.test_nexus_v21.TestMultiChannelChat" name="test_event_channel_rejects_non_staff" time="1.319" /><testcase classname="backend.tests.test_nexus_v21.TestMultiChannelChat" name="test_event_channel_works_for_admin" time="1.994" /><testcase classname="backend.tests.test_nexus_v21.TestMultiChannelChat" name="test_whisper_sends_only_to_target_and_sender" time="2.524" /><testcase classname="backend.tests.test_nexus_v21.TestMultiChannelChat" name="test_guild_chat_rejects_when_no_guild" time="1.286" /><testcase classname="backend.tests.test_nexus_v21.TestMultiChannelChat" name="test_room_channel_default" time="1.973" /><testcase classname="backend.tests.test_nexus_v21.TestHandshakeAndMultiTab" name="test_player_lite_has_guild_id_field" time="0.489" /><testcase classname="backend.tests.test_nexus_v21.TestHandshakeAndMultiTab" name="test_multi_tab_same_user" time="0.943" /><testcase classname="backend.tests.test_nexus_v21.TestGMTeleportSwap" name="test_gm_tp_to_player_same_room" time="2.746" /><testcase classname="backend.tests.test_nexus_v21.TestGMTeleportSwap" name="test_gm_tp_to_player_cross_room" time="3.501" /><testcase classname="backend.tests.test_nexus_v21.TestGMTeleportSwap" name="test_gm_tp_player_to_me" time="2.664" /><testcase classname="backend.tests.test_nexus_v21.TestGMTeleportSwap" name="test_user_cannot_use_tp_swap" time="1.999" /><testcase classname="backend.tests.test_nexus_v21.TestGMInspect" name="test_inspect_returns_full_payload" time="2.266" /><testcase classname="backend.tests.test_nexus_v21.TestGMInspect" name="test_user_cannot_inspect" time="1.985" /><testcase classname="backend.tests.test_nexus_v21.TestGMPopupNotify" name="test_popup_broadcasts_to_all" time="2.794" /><testcase classname="backend.tests.test_nexus_v21.TestGMPopupNotify" name="test_user_cannot_popup" time="1.287" /><testcase classname="backend.tests.test_nexus_v21.TestGMPopupNotify" name="test_popup_empty_body_rejected" time="1.123" /><testcase classname="backend.tests.test_nexus_v21.TestPushNotification" name="test_friend_request_triggers_notification_event" time="2.923" /><testcase classname="backend.tests.test_nexus_v2.TestRestEndpoints" name="test_rooms_requires_auth" time="0.100" /><testcase classname="backend.tests.test_nexus_v2.TestRestEndpoints" name="test_rooms_admin" time="0.422" /><testcase classname="backend.tests.test_nexus_v2.TestRestEndpoints" name="test_gm_audit_forbidden_for_user" time="0.420" /><testcase classname="backend.tests.test_nexus_v2.TestRestEndpoints" name="test_gm_audit_ok_for_admin" time="0.438" /><testcase classname="backend.tests.test_nexus_v2.TestSocketConnect" name="test_reject_without_token" time="8.184" /><testcase classname="backend.tests.test_nexus_v2.TestSocketConnect" name="test_admin_connects" time="0.532" /><testcase classname="backend.tests.test_nexus_v2.TestChatAndMove" name="test_chat_broadcast_and_filters" time="2.696" /><testcase classname="backend.tests.test_nexus_v2.TestChatAndMove" name="test_move_clamps_and_broadcasts" time="2.195" /><testcase classname="backend.tests.test_nexus_v2.TestGMEvents" name="test_user_gm_events_denied" time="2.575" /><testcase classname="backend.tests.test_nexus_v2.TestGMEvents" name="test_gm_announce_and_audit" time="2.282" /><testcase classname="backend.tests.test_nexus_v2.TestGMEvents" name="test_gm_teleport_and_audit" time="2.113" /><testcase classname="backend.tests.test_nexus_v2.TestGMEvents" name="test_gm_mute_blocks_chat_and_audit" time="2.830" /><testcase classname="backend.tests.test_nexus_v2.TestGMEvents" name="test_gm_freeze_blocks_move_and_audit" time="2.652" /><testcase classname="backend.tests.test_nexus_v2.TestGMEvents" name="test_gm_weather_and_audit" time="1.995" /><testcase classname="backend.tests.test_nexus_v2.TestGMEvents" name="test_gm_spawn_item_and_audit" time="2.038" /><testcase classname="backend.tests.test_nexus_v2.TestGMEvents" name="test_gm_invisible_hides_from_user" time="2.817" /><testcase classname="backend.tests.test_nexus_v2.TestGMEvents" name="test_gm_kick_disconnects_target" time="4.111" /><testcase classname="backend.tests.test_nexus_v2.TestGMEvents" name="test_gm_ban_persists_and_disconnects" time="4.099" /><testcase classname="backend.tests.test_nexus_v2.TestPickupItem" name="test_pickup_adjacent_item" time="2.851" /></testsuite></testsuites>