<?xml version="1.0" encoding="utf-8"?><testsuites name="pytest tests"><testsuite name="pytest" errors="0" failures="0" skipped="0" tests="19" time="47.002" timestamp="2026-06-13T13:02:10.511605+00:00" hostname="agent-env-4d13afb6-4da5-4c89-bd0d-c5221df08759"><testcase classname="backend.tests.test_nexus_v2.TestRestEndpoints" name="test_rooms_requires_auth" time="0.160" /><testcase classname="backend.tests.test_nexus_v2.TestRestEndpoints" name="test_rooms_admin" time="0.443" /><testcase classname="backend.tests.test_nexus_v2.TestRestEndpoints" name="test_gm_audit_forbidden_for_user" time="1.461" /><testcase classname="backend.tests.test_nexus_v2.TestRestEndpoints" name="test_gm_audit_ok_for_admin" time="0.464" /><testcase classname="backend.tests.test_nexus_v2.TestSocketConnect" name="test_reject_without_token" time="8.192" /><testcase classname="backend.tests.test_nexus_v2.TestSocketConnect" name="test_admin_connects" time="0.599" /><testcase classname="backend.tests.test_nexus_v2.TestChatAndMove" name="test_chat_broadcast_and_filters" time="2.775" /><testcase classname="backend.tests.test_nexus_v2.TestChatAndMove" name="test_move_clamps_and_broadcasts" time="2.192" /><testcase classname="backend.tests.test_nexus_v2.TestGMEvents" name="test_user_gm_events_denied" time="2.589" /><testcase classname="backend.tests.test_nexus_v2.TestGMEvents" name="test_gm_announce_and_audit" time="2.368" /><testcase classname="backend.tests.test_nexus_v2.TestGMEvents" name="test_gm_teleport_and_audit" time="2.160" /><testcase classname="backend.tests.test_nexus_v2.TestGMEvents" name="test_gm_mute_blocks_chat_and_audit" time="2.800" /><testcase classname="backend.tests.test_nexus_v2.TestGMEvents" name="test_gm_freeze_blocks_move_and_audit" time="2.662" /><testcase classname="backend.tests.test_nexus_v2.TestGMEvents" name="test_gm_weather_and_audit" time="2.035" /><testcase classname="backend.tests.test_nexus_v2.TestGMEvents" name="test_gm_spawn_item_and_audit" time="2.048" /><testcase classname="backend.tests.test_nexus_v2.TestGMEvents" name="test_gm_invisible_hides_from_user" time="2.802" /><testcase classname="backend.tests.test_nexus_v2.TestGMEvents" name="test_gm_kick_disconnects_target" time="4.096" /><testcase classname="backend.tests.test_nexus_v2.TestGMEvents" name="test_gm_ban_persists_and_disconnects" time="4.115" /><testcase classname="backend.tests.test_nexus_v2.TestPickupItem" name="test_pickup_adjacent_item" time="2.847" /></testsuite></testsuites>