<?xml version="1.0" encoding="utf-8"?><testsuites name="pytest tests"><testsuite name="pytest" errors="0" failures="0" skipped="0" tests="13" time="1.526" timestamp="2026-06-14T07:26:57.344081+00:00" hostname="agent-env-4d13afb6-4da5-4c89-bd0d-c5221df08759"><testcase classname="backend.tests.test_phase2_pages.TestClasses" name="test_game_classes_returns_10" time="0.537" /><testcase classname="backend.tests.test_phase2_pages.TestEventsWidgets" name="test_widgets_events" time="0.041" /><testcase classname="backend.tests.test_phase2_pages.TestEventsWidgets" name="test_boss" time="0.083" /><testcase classname="backend.tests.test_phase2_pages.TestEventsWidgets" name="test_seasons_current" time="0.041" /><testcase classname="backend.tests.test_phase2_pages.TestEventsWidgets" name="test_widgets_rifts_map" time="0.041" /><testcase classname="backend.tests.test_phase2_pages.TestLeaderboard" name="test_leaderboard_categories[xp]" time="0.052" /><testcase classname="backend.tests.test_phase2_pages.TestLeaderboard" name="test_leaderboard_categories[rank]" time="0.049" /><testcase classname="backend.tests.test_phase2_pages.TestLeaderboard" name="test_leaderboard_categories[reputation]" time="0.049" /><testcase classname="backend.tests.test_phase2_pages.TestLeaderboard" name="test_leaderboard_categories[aether]" time="0.048" /><testcase classname="backend.tests.test_phase2_pages.TestGuilds" name="test_guilds_list" time="0.040" /><testcase classname="backend.tests.test_phase2_pages.TestGuilds" name="test_guilds_invites_mine" time="0.043" /><testcase classname="backend.tests.test_phase2_pages.TestRegression" name="test_nexus_rooms_public_22" time="0.098" /><testcase classname="backend.tests.test_phase2_pages.TestRegression" name="test_admin_login_works" time="0.327" /></testsuite></testsuites>