<?xml version="1.0" encoding="utf-8"?><testsuites name="pytest tests"><testsuite name="pytest" errors="0" failures="0" skipped="1" tests="31" time="13.203" timestamp="2026-06-12T15:13:54.042926+00:00" hostname="agent-env-4d13afb6-4da5-4c89-bd0d-c5221df08759"><testcase classname="backend.tests.test_phase2_guilds_forum_seasons.TestGuildCreate" name="test_create_requires_level" time="0.886" /><testcase classname="backend.tests.test_phase2_guilds_forum_seasons.TestGuildCreate" name="test_create_requires_aether" time="0.429" /><testcase classname="backend.tests.test_phase2_guilds_forum_seasons.TestGuildCreate" name="test_create_validation_name_tag" time="0.486" /><testcase classname="backend.tests.test_phase2_guilds_forum_seasons.TestGuildCreate" name="test_create_success_debit_badge_chronicle" time="0.582" /><testcase classname="backend.tests.test_phase2_guilds_forum_seasons.TestGuildListMineDetail" name="test_list_guilds" time="1.444" /><testcase classname="backend.tests.test_phase2_guilds_forum_seasons.TestGuildListMineDetail" name="test_mine_null_for_non_member" time="0.371" /><testcase classname="backend.tests.test_phase2_guilds_forum_seasons.TestGuildListMineDetail" name="test_detail_enriches_members" time="0.053" /><testcase classname="backend.tests.test_phase2_guilds_forum_seasons.TestGuildInvites" name="test_invites_mine_lists_pending_with_guild" time="0.511" /><testcase classname="backend.tests.test_phase2_guilds_forum_seasons.TestGuildInvites" name="test_invite_membre_role_rejected" time="0.376" /><testcase classname="backend.tests.test_phase2_guilds_forum_seasons.TestGuildRolesKickLeave" name="test_chef_promotes_member_to_officier" time="0.097" /><testcase classname="backend.tests.test_phase2_guilds_forum_seasons.TestGuildRolesKickLeave" name="test_role_change_requires_chef" time="0.052" /><testcase classname="backend.tests.test_phase2_guilds_forum_seasons.TestGuildRolesKickLeave" name="test_cannot_kick_chef" time="0.047" /><testcase classname="backend.tests.test_phase2_guilds_forum_seasons.TestGuildRolesKickLeave" name="test_leave_and_chef_transfer_and_disband" time="1.114" /><testcase classname="backend.tests.test_phase2_guilds_forum_seasons.TestGuildChat" name="test_chat_post_and_get_member_only" time="0.481" /><testcase classname="backend.tests.test_phase2_guilds_forum_seasons.TestGuildChat" name="test_chat_content_validation" time="0.094" /><testcase classname="backend.tests.test_phase2_guilds_forum_seasons.TestGuildVault" name="test_deposit_debits_user_and_increments_vault_and_xp" time="0.209" /><testcase classname="backend.tests.test_phase2_guilds_forum_seasons.TestGuildVault" name="test_deposit_insufficient_aether" time="0.100" /><testcase classname="backend.tests.test_phase2_guilds_forum_seasons.TestGuildVault" name="test_withdraw_chef_to_member" time="0.267" /><testcase classname="backend.tests.test_phase2_guilds_forum_seasons.TestGuildVault" name="test_withdraw_member_forbidden" time="0.050" /><testcase classname="backend.tests.test_phase2_guilds_forum_seasons.TestForumCategories" name="test_categories_count_and_enriched" time="0.054" /><testcase classname="backend.tests.test_phase2_guilds_forum_seasons.TestForumThreads" name="test_create_thread_validation_and_success" time="0.634"><skipped type="pytest.skip" message="Known bug: 'scholar' badge not defined in BADGES list — grant_badge no-op">/app/backend/tests/test_phase2_guilds_forum_seasons.py:382: Known bug: 'scholar' badge not defined in BADGES list — grant_badge no-op</skipped></testcase><testcase classname="backend.tests.test_phase2_guilds_forum_seasons.TestForumThreads" name="test_list_threads_ordered_pinned_first" time="0.545" /><testcase classname="backend.tests.test_phase2_guilds_forum_seasons.TestForumThreadView" name="test_get_increments_views_and_returns_replies" time="0.460" /><testcase classname="backend.tests.test_phase2_guilds_forum_seasons.TestForumThreadView" name="test_reply_increments_count_and_notifies_author" time="0.576" /><testcase classname="backend.tests.test_phase2_guilds_forum_seasons.TestForumThreadView" name="test_locked_thread_rejects_replies" time="0.463" /><testcase classname="backend.tests.test_phase2_guilds_forum_seasons.TestForumThreadView" name="test_pin_lock_staff_only" time="0.096" /><testcase classname="backend.tests.test_phase2_guilds_forum_seasons.TestForumThreadView" name="test_delete_by_author_then_404" time="0.500" /><testcase classname="backend.tests.test_phase2_guilds_forum_seasons.TestForumThreadView" name="test_delete_by_other_user_forbidden" time="0.758" /><testcase classname="backend.tests.test_phase2_guilds_forum_seasons.TestSeasons" name="test_create_season_admin_only" time="0.377" /><testcase classname="backend.tests.test_phase2_guilds_forum_seasons.TestSeasons" name="test_full_season_cycle" time="0.715" /><testcase classname="backend.tests.test_phase2_guilds_forum_seasons.TestSeasons" name="test_create_auto_ends_previous" time="0.243" /></testsuite></testsuites>