<?xml version="1.0" encoding="utf-8"?><testsuites name="pytest tests"><testsuite name="pytest" errors="0" failures="0" skipped="0" tests="14" time="11.461" timestamp="2026-06-13T13:55:43.168957+00:00" hostname="agent-env-4d13afb6-4da5-4c89-bd0d-c5221df08759"><testcase classname="backend.tests.test_nexus_phase_a2.TestRoomsCatalog" name="test_admin_sees_22_rooms_with_required_fields" time="0.472" /><testcase classname="backend.tests.test_nexus_phase_a2.TestRoomsCatalog" name="test_admin_can_access_restricted_rooms" time="0.437" /><testcase classname="backend.tests.test_nexus_phase_a2.TestRoomsCatalog" name="test_regular_user_blocked_on_restricted_rooms" time="0.417" /><testcase classname="backend.tests.test_nexus_phase_a2.TestRoomsCatalog" name="test_open_rooms_unrestricted_for_regular_user" time="0.415" /><testcase classname="backend.tests.test_nexus_phase_a2.TestRoomsModule" name="test_catalog_has_exactly_expected_ids" time="0.001" /><testcase classname="backend.tests.test_nexus_phase_a2.TestRoomsModule" name="test_landmarks_have_valid_kinds" time="0.000" /><testcase classname="backend.tests.test_nexus_phase_a2.TestRoomsModule" name="test_npcs_structure_when_present" time="0.000" /><testcase classname="backend.tests.test_nexus_phase_a2.TestRoomsModule" name="test_can_access_admin_bypass" time="0.000" /><testcase classname="backend.tests.test_nexus_phase_a2.TestRoomsModule" name="test_can_access_regular_user_blocked" time="0.000" /><testcase classname="backend.tests.test_nexus_phase_a2.TestRoomsModule" name="test_can_access_elu_title_passes" time="0.000" /><testcase classname="backend.tests.test_nexus_phase_a2.TestChangeRoomAccess" name="test_regular_user_rejected_on_salle_conseil" time="2.496" /><testcase classname="backend.tests.test_nexus_phase_a2.TestChangeRoomAccess" name="test_admin_can_enter_salle_conseil" time="2.984" /><testcase classname="backend.tests.test_nexus_phase_a2.TestChangeRoomAccess" name="test_admin_change_to_open_room_carries_decor" time="3.023" /><testcase classname="backend.tests.test_nexus_phase_a2.TestNotificationsRegression" name="test_follow_triggers_notification_no_objectid" time="1.029" /></testsuite></testsuites>