<?xml version="1.0" encoding="utf-8"?><testsuites name="pytest tests"><testsuite name="pytest" errors="0" failures="0" skipped="0" tests="10" time="16.248" timestamp="2026-06-13T14:15:27.196216+00:00" hostname="agent-env-4d13afb6-4da5-4c89-bd0d-c5221df08759"><testcase classname="tests.test_nexus_phase_b" name="test_room_joined_has_presence" time="0.826" /><testcase classname="tests.test_nexus_phase_b" name="test_presence_update_on_connect" time="1.109" /><testcase classname="tests.test_nexus_phase_b" name="test_multitab_dedupe" time="1.190" /><testcase classname="tests.test_nexus_phase_b" name="test_gm_give_aether" time="3.426" /><testcase classname="tests.test_nexus_phase_b" name="test_gm_give_item" time="1.047" /><testcase classname="tests.test_nexus_phase_b" name="test_gm_prison" time="1.847" /><testcase classname="tests.test_nexus_phase_b" name="test_gm_world_boss" time="1.329" /><testcase classname="tests.test_nexus_phase_b" name="test_gm_rift" time="0.828" /><testcase classname="tests.test_nexus_phase_b" name="test_gm_observe" time="1.847" /><testcase classname="tests.test_nexus_phase_b" name="test_role_enforcement_gm_events" time="2.624" /></testsuite></testsuites>