<?xml version="1.0" encoding="utf-8"?><testsuites name="pytest tests"><testsuite name="pytest" errors="0" failures="0" skipped="0" tests="35" time="17.568" timestamp="2026-06-10T12:21:51.202126+00:00" hostname="agent-env-4d13afb6-4da5-4c89-bd0d-c5221df08759"><testcase classname="backend.tests.test_nexoria_api.TestHealth" name="test_root" time="0.276" /><testcase classname="backend.tests.test_nexoria_api.TestHealth" name="test_classes" time="0.051" /><testcase classname="backend.tests.test_nexoria_api.TestHealth" name="test_skills" time="0.047" /><testcase classname="backend.tests.test_nexoria_api.TestHealth" name="test_badges" time="0.047" /><testcase classname="backend.tests.test_nexoria_api.TestAuth" name="test_register_and_session" time="0.350" /><testcase classname="backend.tests.test_nexoria_api.TestAuth" name="test_me" time="0.055" /><testcase classname="backend.tests.test_nexoria_api.TestAuth" name="test_me_unauth" time="0.103" /><testcase classname="backend.tests.test_nexoria_api.TestAuth" name="test_register_duplicate_email" time="0.109" /><testcase classname="backend.tests.test_nexoria_api.TestAuth" name="test_login_invalid" time="0.123" /><testcase classname="backend.tests.test_nexoria_api.TestAuth" name="test_login_then_logout" time="0.460" /><testcase classname="backend.tests.test_nexoria_api.TestAuth" name="test_google_session_invalid" time="0.237" /><testcase classname="backend.tests.test_nexoria_api.TestProfile" name="test_update_profile" time="0.135" /><testcase classname="backend.tests.test_nexoria_api.TestPosts" name="test_create_post_grants_xp_and_badge" time="0.221" /><testcase classname="backend.tests.test_nexoria_api.TestPosts" name="test_feed_contains_post" time="0.050" /><testcase classname="backend.tests.test_nexoria_api.TestPosts" name="test_react_and_comment" time="0.267" /><testcase classname="backend.tests.test_nexoria_api.TestPosts" name="test_level_progression_many_posts" time="0.844" /><testcase classname="backend.tests.test_nexoria_api.TestQuests" name="test_quests_list" time="0.057" /><testcase classname="backend.tests.test_nexoria_api.TestQuests" name="test_daily_login" time="0.059" /><testcase classname="backend.tests.test_nexoria_api.TestSkills" name="test_allocate_skill" time="0.505" /><testcase classname="backend.tests.test_nexoria_api.TestInventoryKingdom" name="test_open_chest_and_inventory" time="0.159" /><testcase classname="backend.tests.test_nexoria_api.TestInventoryKingdom" name="test_kingdom_upgrade_castle" time="0.055" /><testcase classname="backend.tests.test_nexoria_api.TestLeaderboards" name="test_leaderboard[xp]" time="0.052" /><testcase classname="backend.tests.test_nexoria_api.TestLeaderboards" name="test_leaderboard[level]" time="0.047" /><testcase classname="backend.tests.test_nexoria_api.TestLeaderboards" name="test_leaderboard[reputation]" time="0.048" /><testcase classname="backend.tests.test_nexoria_api.TestLeaderboards" name="test_leaderboard[aether]" time="0.049" /><testcase classname="backend.tests.test_nexoria_api.TestLeaderboards" name="test_hall" time="0.049" /><testcase classname="backend.tests.test_nexoria_api.TestChronicleBadges" name="test_chronicle" time="0.061" /><testcase classname="backend.tests.test_nexoria_api.TestChronicleBadges" name="test_badges_mine" time="0.055" /><testcase classname="backend.tests.test_nexoria_api.TestRiftsBoss" name="test_rift_check" time="0.052" /><testcase classname="backend.tests.test_nexoria_api.TestRiftsBoss" name="test_boss" time="0.047" /><testcase classname="backend.tests.test_nexoria_api.TestOracle" name="test_oracle_consult" time="9.401" /><testcase classname="backend.tests.test_nexoria_api.TestOracle" name="test_oracle_quest" time="2.783" /><testcase classname="backend.tests.test_nexoria_api.TestAdmin" name="test_admin_stats_forbidden_for_user" time="0.092" /><testcase classname="backend.tests.test_nexoria_api.TestAdmin" name="test_admin_stats_ok" time="0.452" /><testcase classname="backend.tests.test_nexoria_api.TestAdmin" name="test_admin_users" time="0.052" /></testsuite></testsuites>