<?xml version="1.0" encoding="utf-8"?><testsuites name="pytest tests"><testsuite name="pytest" errors="0" failures="0" skipped="0" tests="36" time="19.156" timestamp="2026-06-10T12:42:48.050617+00:00" hostname="agent-env-4d13afb6-4da5-4c89-bd0d-c5221df08759"><testcase classname="test_nexoria_api.TestHealth" name="test_root" time="0.312" /><testcase classname="test_nexoria_api.TestHealth" name="test_classes" time="0.050" /><testcase classname="test_nexoria_api.TestHealth" name="test_skills" time="0.045" /><testcase classname="test_nexoria_api.TestHealth" name="test_badges" time="0.050" /><testcase classname="test_nexoria_api.TestAuth" name="test_register_and_session" time="0.352" /><testcase classname="test_nexoria_api.TestAuth" name="test_me_with_bearer_only" time="0.143" /><testcase classname="test_nexoria_api.TestAuth" name="test_login_returns_token_in_body" time="0.369" /><testcase classname="test_nexoria_api.TestAuth" name="test_me_unauth" time="0.154" /><testcase classname="test_nexoria_api.TestAuth" name="test_register_duplicate_email" time="0.110" /><testcase classname="test_nexoria_api.TestAuth" name="test_login_invalid" time="0.174" /><testcase classname="test_nexoria_api.TestAuth" name="test_login_then_logout" time="0.806" /><testcase classname="test_nexoria_api.TestAuth" name="test_google_session_invalid" time="0.261" /><testcase classname="test_nexoria_api.TestProfile" name="test_update_profile" time="0.106" /><testcase classname="test_nexoria_api.TestPosts" name="test_create_post_grants_xp_and_badge" time="0.201" /><testcase classname="test_nexoria_api.TestPosts" name="test_feed_contains_post" time="0.049" /><testcase classname="test_nexoria_api.TestPosts" name="test_react_and_comment" time="0.267" /><testcase classname="test_nexoria_api.TestPosts" name="test_level_progression_many_posts" time="0.894" /><testcase classname="test_nexoria_api.TestQuests" name="test_quests_list" time="0.051" /><testcase classname="test_nexoria_api.TestQuests" name="test_daily_login" time="0.053" /><testcase classname="test_nexoria_api.TestSkills" name="test_allocate_skill" time="0.566" /><testcase classname="test_nexoria_api.TestInventoryKingdom" name="test_open_chest_and_inventory" time="0.154" /><testcase classname="test_nexoria_api.TestInventoryKingdom" name="test_kingdom_upgrade_castle" time="0.048" /><testcase classname="test_nexoria_api.TestLeaderboards" name="test_leaderboard[xp]" time="0.049" /><testcase classname="test_nexoria_api.TestLeaderboards" name="test_leaderboard[level]" time="0.047" /><testcase classname="test_nexoria_api.TestLeaderboards" name="test_leaderboard[reputation]" time="0.051" /><testcase classname="test_nexoria_api.TestLeaderboards" name="test_leaderboard[aether]" time="0.049" /><testcase classname="test_nexoria_api.TestLeaderboards" name="test_hall" time="0.049" /><testcase classname="test_nexoria_api.TestChronicleBadges" name="test_chronicle" time="0.049" /><testcase classname="test_nexoria_api.TestChronicleBadges" name="test_badges_mine" time="0.049" /><testcase classname="test_nexoria_api.TestRiftsBoss" name="test_rift_check" time="0.048" /><testcase classname="test_nexoria_api.TestRiftsBoss" name="test_boss" time="0.050" /><testcase classname="test_nexoria_api.TestOracle" name="test_oracle_consult" time="9.318" /><testcase classname="test_nexoria_api.TestOracle" name="test_oracle_quest" time="3.258" /><testcase classname="test_nexoria_api.TestAdmin" name="test_admin_stats_forbidden_for_user" time="0.050" /><testcase classname="test_nexoria_api.TestAdmin" name="test_admin_stats_ok" time="0.504" /><testcase classname="test_nexoria_api.TestAdmin" name="test_admin_users" time="0.074" /></testsuite></testsuites>