<?xml version="1.0" encoding="utf-8"?><testsuites name="pytest tests"><testsuite name="pytest" errors="0" failures="1" skipped="0" tests="29" time="5.115" timestamp="2026-06-12T14:13:23.934380+00:00" hostname="agent-env-4d13afb6-4da5-4c89-bd0d-c5221df08759"><testcase classname="backend.tests.test_nexoria_api.TestHealth" name="test_root" time="0.186" /><testcase classname="backend.tests.test_nexoria_api.TestHealth" name="test_classes" time="0.043" /><testcase classname="backend.tests.test_nexoria_api.TestHealth" name="test_skills" time="0.044" /><testcase classname="backend.tests.test_nexoria_api.TestHealth" name="test_badges" time="0.049" /><testcase classname="backend.tests.test_nexoria_api.TestAuth" name="test_register_and_session" time="0.329" /><testcase classname="backend.tests.test_nexoria_api.TestAuth" name="test_me_with_bearer_only" time="0.159" /><testcase classname="backend.tests.test_nexoria_api.TestAuth" name="test_login_returns_token_in_body" time="0.319" /><testcase classname="backend.tests.test_nexoria_api.TestAuth" name="test_me_unauth" time="0.109" /><testcase classname="backend.tests.test_nexoria_api.TestAuth" name="test_register_duplicate_email" time="0.139" /><testcase classname="backend.tests.test_nexoria_api.TestAuth" name="test_login_invalid" time="0.128" /><testcase classname="backend.tests.test_nexoria_api.TestAuth" name="test_login_then_logout" time="0.528" /><testcase classname="backend.tests.test_nexoria_api.TestAuth" name="test_google_session_invalid" time="0.173" /><testcase classname="backend.tests.test_nexoria_api.TestProfile" name="test_update_profile" time="0.111" /><testcase classname="backend.tests.test_nexoria_api.TestPosts" name="test_create_post_grants_xp_and_badge" time="0.227" /><testcase classname="backend.tests.test_nexoria_api.TestPosts" name="test_feed_contains_post" time="0.054" /><testcase classname="backend.tests.test_nexoria_api.TestPosts" name="test_react_and_comment" time="0.290" /><testcase classname="backend.tests.test_nexoria_api.TestPosts" name="test_level_progression_many_posts" time="0.862" /><testcase classname="backend.tests.test_nexoria_api.TestQuests" name="test_quests_list" time="0.065" /><testcase classname="backend.tests.test_nexoria_api.TestQuests" name="test_daily_login" time="0.054" /><testcase classname="backend.tests.test_nexoria_api.TestSkills" name="test_allocate_skill" time="0.546" /><testcase classname="backend.tests.test_nexoria_api.TestInventoryKingdom" name="test_open_chest_and_inventory" time="0.164" /><testcase classname="backend.tests.test_nexoria_api.TestInventoryKingdom" name="test_kingdom_upgrade_castle" time="0.058" /><testcase classname="backend.tests.test_nexoria_api.TestLeaderboards" name="test_leaderboard[xp]" time="0.045" /><testcase classname="backend.tests.test_nexoria_api.TestLeaderboards" name="test_leaderboard[level]" time="0.043" /><testcase classname="backend.tests.test_nexoria_api.TestLeaderboards" name="test_leaderboard[reputation]" time="0.041" /><testcase classname="backend.tests.test_nexoria_api.TestLeaderboards" name="test_leaderboard[aether]" time="0.047" /><testcase classname="backend.tests.test_nexoria_api.TestLeaderboards" name="test_hall" time="0.045" /><testcase classname="backend.tests.test_nexoria_api.TestChronicleBadges" name="test_chronicle" time="0.056" /><testcase classname="backend.tests.test_nexoria_api.TestChronicleBadges" name="test_badges_mine" time="0.059"><failure message="AssertionError: assert 'founder' in ['creator', 'first_step']">backend/tests/test_nexoria_api.py:318: in test_badges_mine
    assert "founder" in ids
E   AssertionError: assert 'founder' in ['creator', 'first_step']</failure></testcase></testsuite></testsuites>