<?xml version="1.0" encoding="utf-8"?><testsuites name="pytest tests"><testsuite name="pytest" errors="0" failures="1" skipped="0" tests="38" time="134.817" timestamp="2026-06-13T13:55:59.940879+00:00" hostname="agent-env-4d13afb6-4da5-4c89-bd0d-c5221df08759"><testcase classname="backend.tests.test_nexus_v21.TestMultiChannelChat" name="test_global_channel_broadcasts_to_all" time="2.028" /><testcase classname="backend.tests.test_nexus_v21.TestMultiChannelChat" name="test_trade_channel_broadcasts_to_all" time="2.024" /><testcase classname="backend.tests.test_nexus_v21.TestMultiChannelChat" name="test_event_channel_rejects_non_staff" time="1.340" /><testcase classname="backend.tests.test_nexus_v21.TestMultiChannelChat" name="test_event_channel_works_for_admin" time="2.030" /><testcase classname="backend.tests.test_nexus_v21.TestMultiChannelChat" name="test_whisper_sends_only_to_target_and_sender" time="2.521" /><testcase classname="backend.tests.test_nexus_v21.TestMultiChannelChat" name="test_guild_chat_rejects_when_no_guild" time="1.303" /><testcase classname="backend.tests.test_nexus_v21.TestMultiChannelChat" name="test_room_channel_default" time="2.010" /><testcase classname="backend.tests.test_nexus_v21.TestHandshakeAndMultiTab" name="test_player_lite_has_guild_id_field" time="0.567" /><testcase classname="backend.tests.test_nexus_v21.TestHandshakeAndMultiTab" name="test_multi_tab_same_user" time="0.685" /><testcase classname="backend.tests.test_nexus_v21.TestGMTeleportSwap" name="test_gm_tp_to_player_same_room" time="2.751" /><testcase classname="backend.tests.test_nexus_v21.TestGMTeleportSwap" name="test_gm_tp_to_player_cross_room" time="3.519" /><testcase classname="backend.tests.test_nexus_v21.TestGMTeleportSwap" name="test_gm_tp_player_to_me" time="2.615" /><testcase classname="backend.tests.test_nexus_v21.TestGMTeleportSwap" name="test_user_cannot_use_tp_swap" time="2.007" /><testcase classname="backend.tests.test_nexus_v21.TestGMInspect" name="test_inspect_returns_full_payload" time="2.292" /><testcase classname="backend.tests.test_nexus_v21.TestGMInspect" name="test_user_cannot_inspect" time="1.920" /><testcase classname="backend.tests.test_nexus_v21.TestGMPopupNotify" name="test_popup_broadcasts_to_all" time="2.882" /><testcase classname="backend.tests.test_nexus_v21.TestGMPopupNotify" name="test_user_cannot_popup" time="1.353" /><testcase classname="backend.tests.test_nexus_v21.TestGMPopupNotify" name="test_popup_empty_body_rejected" time="33.027" /><testcase classname="backend.tests.test_nexus_v21.TestPushNotification" name="test_friend_request_triggers_notification_event" time="22.583" /><testcase classname="backend.tests.test_nexus_v2.TestRestEndpoints" name="test_rooms_requires_auth" time="0.106" /><testcase classname="backend.tests.test_nexus_v2.TestRestEndpoints" name="test_rooms_admin" time="0.412"><failure message="assert (True and 22 == 3)&#10; +  where True = isinstance([{'description': 'Le cœur cosmique de NEXORIA — point de rendez-vous de tous les héros.', 'group': 'center', 'icon': '...d'apparition des Boss Mondiaux. Atmosphère menaçante.&quot;, 'group': 'combat', 'icon': '#x1F409', 'id': 'vallee_boss', ...}, ...], list)&#10; +  and   22 = len([{'description': 'Le cœur cosmique de NEXORIA — point de rendez-vous de tous les héros.', 'group': 'center', 'icon': '...d'apparition des Boss Mondiaux. Atmosphère menaçante.&quot;, 'group': 'combat', 'icon': '#x1F409', 'id': 'vallee_boss', ...}, ...])">E   assert (True and 22 == 3)
     +  where True = isinstance([{'description': 'Le cœur cosmique de NEXORIA — point de rendez-vous de tous les héros.', 'group': 'center', 'icon': '...d'apparition des Boss Mondiaux. Atmosphère menaçante.", 'group': 'combat', 'icon': '#x1F409', 'id': 'vallee_boss', ...}, ...], list)
     +  and   22 = len([{'description': 'Le cœur cosmique de NEXORIA — point de rendez-vous de tous les héros.', 'group': 'center', 'icon': '...d'apparition des Boss Mondiaux. Atmosphère menaçante.", 'group': 'combat', 'icon': '#x1F409', 'id': 'vallee_boss', ...}, ...])</failure></testcase><testcase classname="backend.tests.test_nexus_v2.TestRestEndpoints" name="test_gm_audit_forbidden_for_user" time="0.423" /><testcase classname="backend.tests.test_nexus_v2.TestRestEndpoints" name="test_gm_audit_ok_for_admin" time="0.416" /><testcase classname="backend.tests.test_nexus_v2.TestSocketConnect" name="test_reject_without_token" time="8.277" /><testcase classname="backend.tests.test_nexus_v2.TestSocketConnect" name="test_admin_connects" time="0.541" /><testcase classname="backend.tests.test_nexus_v2.TestChatAndMove" name="test_chat_broadcast_and_filters" time="2.713" /><testcase classname="backend.tests.test_nexus_v2.TestChatAndMove" name="test_move_clamps_and_broadcasts" time="2.183" /><testcase classname="backend.tests.test_nexus_v2.TestGMEvents" name="test_user_gm_events_denied" time="2.491" /><testcase classname="backend.tests.test_nexus_v2.TestGMEvents" name="test_gm_announce_and_audit" time="2.277" /><testcase classname="backend.tests.test_nexus_v2.TestGMEvents" name="test_gm_teleport_and_audit" time="2.110" /><testcase classname="backend.tests.test_nexus_v2.TestGMEvents" name="test_gm_mute_blocks_chat_and_audit" time="2.770" /><testcase classname="backend.tests.test_nexus_v2.TestGMEvents" name="test_gm_freeze_blocks_move_and_audit" time="2.613" /><testcase classname="backend.tests.test_nexus_v2.TestGMEvents" name="test_gm_weather_and_audit" time="1.995" /><testcase classname="backend.tests.test_nexus_v2.TestGMEvents" name="test_gm_spawn_item_and_audit" time="2.021" /><testcase classname="backend.tests.test_nexus_v2.TestGMEvents" name="test_gm_invisible_hides_from_user" time="2.775" /><testcase classname="backend.tests.test_nexus_v2.TestGMEvents" name="test_gm_kick_disconnects_target" time="4.095" /><testcase classname="backend.tests.test_nexus_v2.TestGMEvents" name="test_gm_ban_persists_and_disconnects" time="4.150" /><testcase classname="backend.tests.test_nexus_v2.TestPickupItem" name="test_pickup_adjacent_item" time="2.806" /></testsuite></testsuites>